{"log":
 [{"message":
   ".> LEAN_PATH=E:\\photon_project\\.lake\\packages\\Cli\\.lake\\build\\lib\\lean;E:\\photon_project\\.lake\\packages\\batteries\\.lake\\build\\lib\\lean;E:\\photon_project\\.lake\\packages\\Qq\\.lake\\build\\lib\\lean;E:\\photon_project\\.lake\\packages\\aesop\\.lake\\build\\lib\\lean;E:\\photon_project\\.lake\\packages\\importGraph\\.lake\\build\\lib\\lean;E:\\photon_project\\.lake\\packages\\LeanSearchClient\\.lake\\build\\lib\\lean;E:\\photon_project\\.lake\\packages\\plausible\\.lake\\build\\lib\\lean;E:\\photon_project\\.lake\\packages\\proofwidgets\\.lake\\build\\lib\\lean;E:\\photon_project\\.lake\\packages\\mathlib\\.lake\\build\\lib\\lean;E:\\photon_project\\libs\\holonlib\\.lake\\build\\lib\\lean;E:\\photon_project\\.lake\\build\\lib\\lean c:\\Users\\etyou\\.elan\\toolchains\\leanprover--lean4---v4.20.0\\bin\\lean.exe -Dpp.unicode.fun=true -DautoImplicit=false E:\\photon_project\\Main.lean -R E:\\photon_project -o E:\\photon_project\\.lake\\build\\lib\\lean\\Main.olean -i E:\\photon_project\\.lake\\build\\lib\\lean\\Main.ilean -c E:\\photon_project\\.lake\\build\\ir\\Main.c --json",
   "level": "trace"}],
 "inputs":
 [["Main:deps",
   [["deps",
     [["PhotonProject/Main:extraDep", [["@PhotonProject:extraDep", "1723"]]],
      ["import oleans",
       [["PhotonProject:olean",
         [["PhotonProject:deps", "6020978216182456474"],
          ["E:\\photon_project\\.lake\\build\\lib\\lean\\PhotonProject.olean",
           "2932836793981770151"]]]]]]],
    ["libs",
     [["import dynlibs", "1723"],
      ["package external libraries", "1723"],
      ["module dynlibs", "1723"],
      ["module plugins", "1723"]]]]],
  ["Lean 4.20.0, commit 77cfc4d1a4f6ef6651792b781eaa6676b4f3f060",
   "16311077432335102250"],
  ["Module.leanArgs: #[-Dpp.unicode.fun=true, -DautoImplicit=false]",
   "2480034161766020459"],
  ["E:\\photon_project\\Main.lean", "2580235039438857887"]],
 "depHash": "737470060814117979"}